<?xml version="1.0" encoding="UTF-8"?>
<!-- Generated by org.testng.reporters.JUnitReportReporter -->
<testsuite skipped="0" hostname="RubelDesktop" name="runner.RunnerClass" tests="1" failures="0" timestamp="2020-03-26T17:24:27 EDT" time="19.427" errors="0">
  <testcase name="feature" time="19.427" classname="runner.RunnerClass"/>
  <system-out/>
</testsuite> <!-- runner.RunnerClass -->
